<?xml version="1.0" encoding="UTF-8"?>
<!-- Generated by org.testng.reporters.JUnitReportReporter -->
<testsuite hostname="SRMRILAP" failures="0" tests="5" name="com.qa.testscripts.TC_Netflix_01" time="137.545" errors="0" timestamp="2021-05-04T09:35:38 IST" skipped="0">
  <testcase classname="com.qa.testscripts.TC_Netflix_01" name="Login" time="11.403"/>
  <system-out/>
  <testcase classname="com.qa.testscripts.TC_Netflix_01" name="AddMovieToMyList" time="37.970"/>
  <system-out>
Shutter Island added to my list  </system-out>
  <testcase classname="com.qa.testscripts.TC_Netflix_01" name="AddMovieToMyList" time="38.570"/>
  <system-out>
The Nun added to my list  </system-out>
  <testcase classname="com.qa.testscripts.TC_Netflix_01" name="AddMovieToMyList" time="11.910"/>
  <system-out>
Master Movie not available  </system-out>
  <testcase classname="com.qa.testscripts.TC_Netflix_01" name="AddMovieToMyList" time="37.692"/>
  <system-out>
John Wick added to my list  </system-out>
</testsuite> <!-- com.qa.testscripts.TC_Netflix_01 -->
